[2020-09-14T10:37:18+08:00][error] 添加数据异常：SQLSTATE[HY000]: General error: 1364 Field 'status' doesn't have a default value - 771
[2020-09-14T10:37:24+08:00][error] 添加数据异常：SQLSTATE[HY000]: General error: 1364 Field 'status' doesn't have a default value - 771
[2020-09-14T10:37:32+08:00][error] 添加数据异常：SQLSTATE[HY000]: General error: 1364 Field 'status' doesn't have a default value - 771
[2020-09-14T10:41:37+08:00][error] [0]number_format() expects parameter 1 to be float, string given[D:\phpstudy_pro\WWW\wallet\app\platform\controller\Test.php:26]
[2020-09-14T11:01:33+08:00][error] 数据删除异常：Call to a member function delete() on null
[2020-09-14T14:05:11+08:00][error] [10500]method not exist:think\db\Query->capital[D:\phpstudy_pro\WWW\wallet\vendor\topthink\think-orm\src\db\BaseQuery.php:117]
[2020-09-14T14:06:40+08:00][error] [10500]method not exist:think\db\Query->capital[D:\phpstudy_pro\WWW\wallet\vendor\topthink\think-orm\src\db\BaseQuery.php:117]
[2020-09-14T14:07:08+08:00][error] [10500]method not exist:think\db\Query->capital[D:\phpstudy_pro\WWW\wallet\vendor\topthink\think-orm\src\db\BaseQuery.php:117]
[2020-09-14T14:11:55+08:00][error] [10501]SQLSTATE[42S22]: Column not found: 1054 Unknown column 'capital.delete_time' in 'where clause'[D:\phpstudy_pro\WWW\wallet\vendor\topthink\think-orm\src\db\PDOConnection.php:771]
[2020-09-14T14:28:30+08:00][error] [10501]SQLSTATE[42S22]: Column not found: 1054 Unknown column 'id' in 'order clause'[D:\phpstudy_pro\WWW\wallet\vendor\topthink\think-orm\src\db\PDOConnection.php:771]
[2020-09-14T15:05:10+08:00][error] [0]Invocation of method app\platform\controller\Test::repeat() failed[D:\phpstudy_pro\WWW\wallet\vendor\topthink\framework\src\think\Container.php:342]
[2020-09-14T15:06:01+08:00][error] [0]方法参数错误:pid[D:\phpstudy_pro\WWW\wallet\vendor\topthink\framework\src\think\Container.php:455]
[2020-09-14T15:06:13+08:00][error] [0]语法错误: unexpected ',', expecting variable (T_VARIABLE)[D:\phpstudy_pro\WWW\wallet\app\platform\controller\Test.php:63]
[2020-09-14T15:06:24+08:00][error] [0]Too few arguments to function app\platform\service\UsersService::register(), 1 passed in D:\phpstudy_pro\WWW\wallet\app\platform\controller\Test.php on line 83 and at least 2 expected[D:\phpstudy_pro\WWW\wallet\app\platform\service\UsersService.php:33]
[2020-09-14T16:07:40+08:00][error] [8192]Non-static method app\common\service\Validate::exist() should not be called statically[D:\phpstudy_pro\WWW\wallet\app\platform\controller\Test.php:39]
[2020-09-14T16:08:28+08:00][error] [8]未定义数组索引: user_id[D:\phpstudy_pro\WWW\wallet\app\platform\controller\Test.php:39]
[2020-09-14T16:08:48+08:00][error] [0]variable type error： boolean[D:\phpstudy_pro\WWW\wallet\vendor\topthink\framework\src\think\Response.php:392]
[2020-09-14T16:57:00+08:00][error] [10501]SQLSTATE[42S22]: Column not found: 1054 Unknown column 'id' in 'where clause'[D:\phpstudy_pro\WWW\wallet\vendor\topthink\think-orm\src\db\PDOConnection.php:771]
[2020-09-14T16:59:14+08:00][error] [10500]缺少更新条件[D:\phpstudy_pro\WWW\wallet\vendor\topthink\think-orm\src\db\BaseQuery.php:1029]
[2020-09-14T16:59:50+08:00][error] [10500]查询表达式错误:'user_id'[D:\phpstudy_pro\WWW\wallet\vendor\topthink\think-orm\src\db\Builder.php:366]
[2020-09-14T17:26:31+08:00][error] 流程异常：SQLSTATE[HY000]: General error: 1364 Field 'end_time' doesn't have a default value - 771